============================================================
Processing Folders
============================================================
Start 8/24/2016 12:19:40 PM
============================================================
Calculating MD5
============================================================
d41d8cd98f00b204e9800998ecf8427e D:\SdosRemedios\My Pictures\2016\2016-02\2016-02-21\20160219_122356-2.jpg
d41d8cd98f00b204e9800998ecf8427e D:\SdosRemedios\My Pictures\2016\2016-02\2016-02-21\20160219_122356.jpg
d41d8cd98f00b204e9800998ecf8427e D:\SdosRemedios\My Pictures\2016\2016-02\2016-02-21\20160219_122326-2.jpg
d41d8cd98f00b204e9800998ecf8427e D:\SdosRemedios\My Pictures\2016\2016-02\2016-02-21\20160219_122326.jpg
d41d8cd98f00b204e9800998ecf8427e D:\SdosRemedios\My Pictures\2016\2016-02\2016-02-21\20160219_122321-2.jpg
d41d8cd98f00b204e9800998ecf8427e D:\SdosRemedios\My Pictures\2016\2016-02\2016-02-21\20160219_122321.jpg
d41d8cd98f00b204e9800998ecf8427e D:\SdosRemedios\My Pictures\2016\2016-01\2016-01-15\P1160967.JPG
d41d8cd98f00b204e9800998ecf8427e D:\SdosRemedios\My Pictures\2016\2016-02\2016-02-15\panorama\P1170171.JPG
d41d8cd98f00b204e9800998ecf8427e D:\SdosRemedios\My Pictures\2016\2016-01\2016-01-15\P1160965.JPG
d41d8cd98f00b204e9800998ecf8427e D:\SdosRemedios\My Pictures\2016\2016-01\2016-01-15\P1160968.JPG
d41d8cd98f00b204e9800998ecf8427e D:\SdosRemedios\My Pictures\2016\2016-01\2016-01-12\P1160886.JPG
d41d8cd98f00b204e9800998ecf8427e D:\SdosRemedios\My Pictures\2016\2016-02\2016-02-15\panorama\P1170145.JPG
d41d8cd98f00b204e9800998ecf8427e D:\SdosRemedios\My Pictures\2016\2016-01\2016-01-15\P1160951.JPG
d41d8cd98f00b204e9800998ecf8427e D:\SdosRemedios\My Pictures\2016\2016-02\2016-02-15\panorama\P1170126.JPG
d41d8cd98f00b204e9800998ecf8427e D:\SdosRemedios\My Pictures\2016\2016-01\2016-01-12\P1160896.JPG
d41d8cd98f00b204e9800998ecf8427e D:\SdosRemedios\My Pictures\2016\2016-02\2016-02-12\P1170099.JPG
d41d8cd98f00b204e9800998ecf8427e D:\SdosRemedios\My Pictures\2016\2016-01\2016-01-12\P1160897.JPG
d41d8cd98f00b204e9800998ecf8427e D:\SdosRemedios\My Pictures\2016\2016-02\2016-02-15\panorama\P1170118.JPG
d41d8cd98f00b204e9800998ecf8427e D:\SdosRemedios\My Pictures\2016\2016-01\2016-01-12\P1160907.JPG
d41d8cd98f00b204e9800998ecf8427e D:\SdosRemedios\My Pictures\2016\2016-01\2016-01-12\P1160918.JPG
d41d8cd98f00b204e9800998ecf8427e D:\SdosRemedios\My Pictures\2016\2016-01\2016-01-15\P1160988.JPG
d41d8cd98f00b204e9800998ecf8427e D:\SdosRemedios\My Pictures\2016\2016-02\2016-02-15\panorama\P1170125.JPG
d41d8cd98f00b204e9800998ecf8427e D:\SdosRemedios\My Pictures\2016\2016-01\2016-01-12\P1160905.JPG
d41d8cd98f00b204e9800998ecf8427e D:\SdosRemedios\My Pictures\2016\2016-01\2016-01-12\P1160916.JPG
d41d8cd98f00b204e9800998ecf8427e D:\SdosRemedios\My Pictures\2016\2016-01\2016-01-12\P1160912.JPG
d41d8cd98f00b204e9800998ecf8427e D:\SdosRemedios\My Pictures\2016\2016-01\2016-01-15\P1160947.JPG
d41d8cd98f00b204e9800998ecf8427e D:\SdosRemedios\My Pictures\2016\2016-02\2016-02-11\P1170034.JPG
d41d8cd98f00b204e9800998ecf8427e D:\SdosRemedios\My Pictures\2016\2016-01\2016-01-15\P1160939.JPG
d41d8cd98f00b204e9800998ecf8427e D:\SdosRemedios\My Pictures\2016\2016-02\2016-02-11\P1170068.JPG
d41d8cd98f00b204e9800998ecf8427e D:\SdosRemedios\My Pictures\2016\2016-01\2016-01-12\P1160909.JPG
d41d8cd98f00b204e9800998ecf8427e D:\SdosRemedios\My Pictures\2016\2016-02\2016-02-11\P1170025.JPG
d41d8cd98f00b204e9800998ecf8427e D:\SdosRemedios\My Pictures\2016\2016-02\2016-02-11\P1170049.JPG
d41d8cd98f00b204e9800998ecf8427e D:\SdosRemedios\My Pictures\2016\2016-02\2016-02-15\panorama\P1170131.JPG
d41d8cd98f00b204e9800998ecf8427e D:\SdosRemedios\My Pictures\2016\2016-01\2016-01-12\P1160935.JPG
d41d8cd98f00b204e9800998ecf8427e D:\SdosRemedios\My Pictures\2016\2016-02\2016-02-15\panorama\P1170135.JPG
d41d8cd98f00b204e9800998ecf8427e D:\SdosRemedios\My Pictures\2016\2016-02\2016-02-11\P1170079.JPG
d41d8cd98f00b204e9800998ecf8427e D:\SdosRemedios\My Pictures\2016\2016-02\2016-02-15\panorama\P1170130.JPG
d41d8cd98f00b204e9800998ecf8427e D:\SdosRemedios\My Pictures\2016\2016-02\2016-02-11\P1170059.JPG
d41d8cd98f00b204e9800998ecf8427e D:\SdosRemedios\My Pictures\2016\2016-02\2016-02-11\P1170086.JPG
d41d8cd98f00b204e9800998ecf8427e D:\SdosRemedios\My Pictures\2016\2016-01\2016-01-12\P1160881.JPG
d41d8cd98f00b204e9800998ecf8427e D:\SdosRemedios\My Pictures\2016\2016-02\2016-02-12\P1170100.JPG
d41d8cd98f00b204e9800998ecf8427e D:\SdosRemedios\My Pictures\2016\2016-01\2016-01-15\P1160956.JPG
d41d8cd98f00b204e9800998ecf8427e D:\SdosRemedios\My Pictures\2016\2016-02\2016-02-09\P1170015.JPG
d41d8cd98f00b204e9800998ecf8427e D:\SdosRemedios\My Pictures\2016\2016-01\2016-01-12\P1160903.JPG
d41d8cd98f00b204e9800998ecf8427e D:\SdosRemedios\My Pictures\2016\2016-02\2016-02-11\P1170057.JPG
d41d8cd98f00b204e9800998ecf8427e D:\SdosRemedios\My Pictures\2016\2016-02\2016-02-04\P1160990.JPG
d41d8cd98f00b204e9800998ecf8427e D:\SdosRemedios\My Pictures\2016\2016-02\2016-02-11\P1170045.JPG
d41d8cd98f00b204e9800998ecf8427e D:\SdosRemedios\My Pictures\2016\2016-02\2016-02-11\P1170090.JPG
d41d8cd98f00b204e9800998ecf8427e D:\SdosRemedios\My Pictures\2016\2016-01\2016-01-31\20160130_141526.jpg
d41d8cd98f00b204e9800998ecf8427e D:\SdosRemedios\My Pictures\2016\2016-01\24628902741_9a10fcfe70_o.jpg
Stop 8/24/2016 12:19:45 PM
============================================================
Finished
============================================================
0 folders and  0 files processed
0 duplicate files deleted
